<?xml version="1.0" encoding="UTF-8"?>
<!-- Generated by org.testng.reporters.JUnitReportReporter -->
<testsuite skipped="0" hostname="DESKTOP-KIH8VHJ" name="Runner.TestRunner" tests="10" failures="0" timestamp="2021-11-22T12:20:51 IST" time="323.920" errors="0">
  <testcase name="feature" time="78.307" classname="Runner.TestRunner"/>
  <system-out/>
  <testcase name="feature" time="16.744" classname="Runner.TestRunner"/>
  <system-out/>
  <testcase name="feature" time="89.209" classname="Runner.TestRunner"/>
  <system-out/>
  <testcase name="feature" time="20.758" classname="Runner.TestRunner"/>
  <system-out/>
  <testcase name="feature" time="20.750" classname="Runner.TestRunner"/>
  <system-out/>
  <testcase name="feature" time="17.631" classname="Runner.TestRunner"/>
  <system-out/>
  <testcase name="feature" time="19.491" classname="Runner.TestRunner"/>
  <system-out/>
  <testcase name="feature" time="18.872" classname="Runner.TestRunner"/>
  <system-out/>
  <testcase name="feature" time="24.833" classname="Runner.TestRunner"/>
  <system-out/>
  <testcase name="feature" time="17.325" classname="Runner.TestRunner"/>
  <system-out/>
</testsuite> <!-- Runner.TestRunner -->
